<?xml version="1.0" encoding="UTF-8"?>
<!-- Generated by org.testng.reporters.JUnitReportReporter -->
<testsuite name="com.demoaut.testcases.LoginTest" tests="2" time="45.065" ignored="0" failures="0" timestamp="27 Apr 2020 09:09:41 GMT" skipped="0" hostname="A2ML24415" errors="0">
  <testcase name="Logintest_falseValidate" time="15.504" classname="com.demoaut.testcases.LoginTest"/>
  <testcase name="Logintest" time="29.561" classname="com.demoaut.testcases.LoginTest"/>
</testsuite> <!-- com.demoaut.testcases.LoginTest -->
