<?xml version="1.0" encoding="UTF-8"?>
<!-- Generated by org.testng.reporters.JUnitReportReporter -->
<testsuite name="com.demoaut.testcases.BookReturnTicketTest" tests="1" time="34.403" ignored="0" failures="0" timestamp="27 Apr 2020 09:09:41 GMT" skipped="0" hostname="A2ML24415" errors="0">
  <testcase name="BookReturnticketTest" time="34.403" classname="com.demoaut.testcases.BookReturnTicketTest"/>
</testsuite> <!-- com.demoaut.testcases.BookReturnTicketTest -->
