<?xml version="1.0" encoding="UTF-8"?>
<!-- Generated by org.testng.reporters.JUnitReportReporter -->
<testsuite hostname="A2ML24415" name="com.demoaut.testcases.LoginPageTest" tests="1" failures="0" timestamp="16 Apr 2020 15:10:44 GMT" time="32.331" errors="0">
  <testcase name="ReturnticketTest" time="32.331" classname="com.demoaut.testcases.LoginPageTest"/>
</testsuite> <!-- com.demoaut.testcases.LoginPageTest -->
